2023-11-24 11:38:15.955 [main] INFO  com.geovis.cyyj.GeovisStartApplication - Starting GeovisStartApplication using Java 1.8.0_333 on DESKTOP-ENMGKRP with PID 19796 (E:\IdeaProjectWorkSpace\geovis-cyyj-fzjz\target\classes started by DELL in E:\IdeaProjectWorkSpace\geovis-cyyj-fzjz)
2023-11-24 11:38:16.028 [main] INFO  com.geovis.cyyj.GeovisStartApplication - The following 1 profile is active: "dev"
2023-11-24 11:38:20.010 [main] INFO  org.springframework.boot.web.embedded.tomcat.TomcatWebServer - Tomcat initialized with port(s): 10908 (http)
2023-11-24 11:38:20.016 [main] INFO  org.apache.coyote.http11.Http11NioProtocol - Initializing ProtocolHandler ["http-nio-10908"]
2023-11-24 11:38:20.017 [main] INFO  org.apache.catalina.core.StandardService - Starting service [Tomcat]
2023-11-24 11:38:20.017 [main] INFO  org.apache.catalina.core.StandardEngine - Starting Servlet engine: [Apache Tomcat/9.0.74]
2023-11-24 11:38:20.193 [main] INFO  org.apache.catalina.core.ContainerBase.[Tomcat].[localhost].[/] - Initializing Spring embedded WebApplicationContext
2023-11-24 11:38:20.193 [main] INFO  org.springframework.boot.web.servlet.context.ServletWebServerApplicationContext - Root WebApplicationContext: initialization completed in 4054 ms
2023-11-24 11:38:20.346 [main] INFO  com.alibaba.druid.spring.boot.autoconfigure.DruidDataSourceAutoConfigure - Init DruidDataSource
2023-11-24 11:38:20.734 [main] INFO  com.alibaba.druid.pool.DruidDataSource - {dataSource-1} inited
2023-11-24 11:38:22.021 [main] INFO  com.geovis.cyyj.common.config.JacksonConfig - 初始化 jackson 配置
2023-11-24 11:38:22.358 [main] INFO  org.apache.coyote.http11.Http11NioProtocol - Starting ProtocolHandler ["http-nio-10908"]
2023-11-24 11:38:22.366 [main] INFO  com.alibaba.druid.pool.DruidDataSource - {dataSource-1} closing ...
2023-11-24 11:38:22.369 [main] INFO  com.alibaba.druid.pool.DruidDataSource - {dataSource-1} closed
2023-11-24 11:38:22.371 [main] INFO  org.apache.coyote.http11.Http11NioProtocol - Pausing ProtocolHandler ["http-nio-10908"]
2023-11-24 11:38:22.372 [main] INFO  org.apache.catalina.core.StandardService - Stopping service [Tomcat]
2023-11-24 11:38:22.374 [main] INFO  org.apache.coyote.http11.Http11NioProtocol - Stopping ProtocolHandler ["http-nio-10908"]
2023-11-24 11:38:22.375 [main] INFO  org.apache.coyote.http11.Http11NioProtocol - Destroying ProtocolHandler ["http-nio-10908"]
2023-11-24 11:38:22.380 [main] INFO  org.springframework.boot.autoconfigure.logging.ConditionEvaluationReportLoggingListener - 

Error starting ApplicationContext. To display the conditions report re-run your application with 'debug' enabled.
2023-11-24 11:38:37.557 [main] INFO  com.geovis.cyyj.GeovisStartApplication - Starting GeovisStartApplication using Java 1.8.0_333 on DESKTOP-ENMGKRP with PID 15176 (E:\IdeaProjectWorkSpace\geovis-cyyj-fzjz\target\classes started by DELL in E:\IdeaProjectWorkSpace\geovis-cyyj-fzjz)
2023-11-24 11:38:37.565 [main] INFO  com.geovis.cyyj.GeovisStartApplication - The following 1 profile is active: "dev"
2023-11-24 11:38:38.561 [main] INFO  org.springframework.boot.web.embedded.tomcat.TomcatWebServer - Tomcat initialized with port(s): 10908 (http)
2023-11-24 11:38:38.566 [main] INFO  org.apache.coyote.http11.Http11NioProtocol - Initializing ProtocolHandler ["http-nio-10908"]
2023-11-24 11:38:38.567 [main] INFO  org.apache.catalina.core.StandardService - Starting service [Tomcat]
2023-11-24 11:38:38.567 [main] INFO  org.apache.catalina.core.StandardEngine - Starting Servlet engine: [Apache Tomcat/9.0.74]
2023-11-24 11:38:38.699 [main] INFO  org.apache.catalina.core.ContainerBase.[Tomcat].[localhost].[/] - Initializing Spring embedded WebApplicationContext
2023-11-24 11:38:38.699 [main] INFO  org.springframework.boot.web.servlet.context.ServletWebServerApplicationContext - Root WebApplicationContext: initialization completed in 1107 ms
2023-11-24 11:38:38.829 [main] INFO  com.alibaba.druid.spring.boot.autoconfigure.DruidDataSourceAutoConfigure - Init DruidDataSource
2023-11-24 11:38:39.073 [main] INFO  com.alibaba.druid.pool.DruidDataSource - {dataSource-1} inited
2023-11-24 11:38:40.163 [main] INFO  com.geovis.cyyj.common.config.JacksonConfig - 初始化 jackson 配置
2023-11-24 11:38:40.390 [main] INFO  org.apache.coyote.http11.Http11NioProtocol - Starting ProtocolHandler ["http-nio-10908"]
2023-11-24 11:38:40.420 [main] INFO  org.springframework.boot.web.embedded.tomcat.TomcatWebServer - Tomcat started on port(s): 10908 (http) with context path ''
2023-11-24 11:38:40.827 [main] INFO  com.geovis.cyyj.GeovisStartApplication - Started GeovisStartApplication in 3.652 seconds (JVM running for 4.177)
2023-11-24 11:38:47.843 [SpringApplicationShutdownHook] INFO  org.springframework.boot.web.embedded.tomcat.GracefulShutdown - Commencing graceful shutdown. Waiting for active requests to complete
2023-11-24 11:38:47.934 [tomcat-shutdown] INFO  org.springframework.boot.web.embedded.tomcat.GracefulShutdown - Graceful shutdown complete
2023-11-24 11:38:47.944 [SpringApplicationShutdownHook] INFO  com.alibaba.druid.pool.DruidDataSource - {dataSource-1} closing ...
2023-11-24 11:38:47.947 [SpringApplicationShutdownHook] INFO  com.alibaba.druid.pool.DruidDataSource - {dataSource-1} closed
