2023-11-27 09:21:09.862 [main] WARN  com.baomidou.mybatisplus.core.injector.DefaultSqlInjector - class com.geovis.cyyj.po.DistrictListPersonPO ,Not found @TableId annotation, Cannot use Mybatis-Plus 'xxById' Method.
2023-11-27 09:21:09.946 [main] WARN  com.baomidou.mybatisplus.core.injector.DefaultSqlInjector - class com.geovis.cyyj.po.DistrictListPO ,Not found @TableId annotation, Cannot use Mybatis-Plus 'xxById' Method.
2023-11-27 10:38:27.316 [main] WARN  com.baomidou.mybatisplus.core.injector.DefaultSqlInjector - class com.geovis.cyyj.po.DistrictListPersonPO ,Not found @TableId annotation, Cannot use Mybatis-Plus 'xxById' Method.
2023-11-27 10:38:27.377 [main] WARN  com.baomidou.mybatisplus.core.injector.DefaultSqlInjector - class com.geovis.cyyj.po.DistrictListPO ,Not found @TableId annotation, Cannot use Mybatis-Plus 'xxById' Method.
2023-11-27 10:44:26.663 [http-nio-10909-exec-7] WARN  org.springframework.web.servlet.mvc.support.DefaultHandlerExceptionResolver - Resolved [org.springframework.web.bind.MissingServletRequestParameterException: Required request parameter 'userId' for method parameter type String is not present]
2023-11-27 10:51:44.808 [main] WARN  com.baomidou.mybatisplus.core.injector.DefaultSqlInjector - class com.geovis.cyyj.po.DistrictListPersonPO ,Not found @TableId annotation, Cannot use Mybatis-Plus 'xxById' Method.
2023-11-27 10:51:44.864 [main] WARN  com.baomidou.mybatisplus.core.injector.DefaultSqlInjector - class com.geovis.cyyj.po.DistrictListPO ,Not found @TableId annotation, Cannot use Mybatis-Plus 'xxById' Method.
2023-11-27 10:53:34.650 [main] WARN  com.baomidou.mybatisplus.core.injector.DefaultSqlInjector - class com.geovis.cyyj.po.DistrictListPersonPO ,Not found @TableId annotation, Cannot use Mybatis-Plus 'xxById' Method.
2023-11-27 10:53:34.710 [main] WARN  com.baomidou.mybatisplus.core.injector.DefaultSqlInjector - class com.geovis.cyyj.po.DistrictListPO ,Not found @TableId annotation, Cannot use Mybatis-Plus 'xxById' Method.
2023-11-27 13:39:39.754 [main] WARN  com.baomidou.mybatisplus.core.injector.DefaultSqlInjector - class com.geovis.cyyj.po.DistrictListPersonPO ,Not found @TableId annotation, Cannot use Mybatis-Plus 'xxById' Method.
2023-11-27 13:39:39.816 [main] WARN  com.baomidou.mybatisplus.core.injector.DefaultSqlInjector - class com.geovis.cyyj.po.DistrictListPO ,Not found @TableId annotation, Cannot use Mybatis-Plus 'xxById' Method.
2023-11-27 15:40:01.332 [http-nio-10909-exec-3] WARN  org.springframework.web.servlet.mvc.support.DefaultHandlerExceptionResolver - Resolved [org.springframework.web.HttpRequestMethodNotSupportedException: Request method 'POST' not supported]
2023-11-27 15:49:48.018 [main] WARN  com.baomidou.mybatisplus.core.injector.DefaultSqlInjector - class com.geovis.cyyj.po.DistrictListPersonPO ,Not found @TableId annotation, Cannot use Mybatis-Plus 'xxById' Method.
2023-11-27 15:49:48.083 [main] WARN  com.baomidou.mybatisplus.core.injector.DefaultSqlInjector - class com.geovis.cyyj.po.DistrictListPO ,Not found @TableId annotation, Cannot use Mybatis-Plus 'xxById' Method.
2023-11-27 16:21:20.601 [main] WARN  com.baomidou.mybatisplus.core.injector.DefaultSqlInjector - class com.geovis.cyyj.po.DistrictListPersonPO ,Not found @TableId annotation, Cannot use Mybatis-Plus 'xxById' Method.
2023-11-27 16:21:20.667 [main] WARN  com.baomidou.mybatisplus.core.injector.DefaultSqlInjector - class com.geovis.cyyj.po.DistrictListPO ,Not found @TableId annotation, Cannot use Mybatis-Plus 'xxById' Method.
2023-11-27 18:54:41.494 [http-nio-10909-exec-8] WARN  org.springframework.web.servlet.mvc.support.DefaultHandlerExceptionResolver - Resolved [org.springframework.web.bind.MissingServletRequestParameterException: Required request parameter 'statisticTaskId' for method parameter type Integer is not present]
2023-11-27 18:56:20.340 [http-nio-10909-exec-9] WARN  org.springframework.web.servlet.mvc.support.DefaultHandlerExceptionResolver - Resolved [org.springframework.web.bind.MissingServletRequestParameterException: Required request parameter 'statisticTaskId' for method parameter type Integer is not present]
2023-11-27 18:57:03.195 [http-nio-10909-exec-1] WARN  org.springframework.web.servlet.mvc.support.DefaultHandlerExceptionResolver - Resolved [org.springframework.web.bind.MissingServletRequestParameterException: Required request parameter 'statisticTaskId' for method parameter type Integer is not present]
2023-11-27 19:00:29.683 [http-nio-10909-exec-8] WARN  org.springframework.web.servlet.mvc.support.DefaultHandlerExceptionResolver - Resolved [org.springframework.web.bind.MissingServletRequestParameterException: Required request parameter 'statisticTaskId' for method parameter type Integer is not present]
2023-11-27 19:05:36.032 [main] WARN  com.baomidou.mybatisplus.core.injector.DefaultSqlInjector - class com.geovis.cyyj.po.DistrictListPersonPO ,Not found @TableId annotation, Cannot use Mybatis-Plus 'xxById' Method.
2023-11-27 19:05:36.090 [main] WARN  com.baomidou.mybatisplus.core.injector.DefaultSqlInjector - class com.geovis.cyyj.po.DistrictListPO ,Not found @TableId annotation, Cannot use Mybatis-Plus 'xxById' Method.
2023-11-27 19:08:24.983 [http-nio-10909-exec-5] WARN  org.springframework.web.servlet.mvc.support.DefaultHandlerExceptionResolver - Resolved [org.springframework.web.bind.MissingServletRequestParameterException: Required request parameter 'statisticTaskId' for method parameter type Integer is not present]
2023-11-27 19:08:39.539 [http-nio-10909-exec-8] WARN  org.springframework.web.servlet.mvc.support.DefaultHandlerExceptionResolver - Resolved [org.springframework.web.bind.MissingServletRequestParameterException: Required request parameter 'statisticTaskId' for method parameter type Integer is not present]
2023-11-27 19:45:14.136 [main] WARN  com.baomidou.mybatisplus.core.injector.DefaultSqlInjector - class com.geovis.cyyj.po.DistrictListPersonPO ,Not found @TableId annotation, Cannot use Mybatis-Plus 'xxById' Method.
2023-11-27 19:45:14.197 [main] WARN  com.baomidou.mybatisplus.core.injector.DefaultSqlInjector - class com.geovis.cyyj.po.DistrictListPO ,Not found @TableId annotation, Cannot use Mybatis-Plus 'xxById' Method.
2023-11-27 19:55:02.070 [main] WARN  com.baomidou.mybatisplus.core.injector.DefaultSqlInjector - class com.geovis.cyyj.po.DistrictListPersonPO ,Not found @TableId annotation, Cannot use Mybatis-Plus 'xxById' Method.
2023-11-27 19:55:02.127 [main] WARN  com.baomidou.mybatisplus.core.injector.DefaultSqlInjector - class com.geovis.cyyj.po.DistrictListPO ,Not found @TableId annotation, Cannot use Mybatis-Plus 'xxById' Method.
2023-11-27 19:56:02.897 [main] WARN  com.baomidou.mybatisplus.core.injector.DefaultSqlInjector - class com.geovis.cyyj.po.DistrictListPersonPO ,Not found @TableId annotation, Cannot use Mybatis-Plus 'xxById' Method.
2023-11-27 19:56:02.959 [main] WARN  com.baomidou.mybatisplus.core.injector.DefaultSqlInjector - class com.geovis.cyyj.po.DistrictListPO ,Not found @TableId annotation, Cannot use Mybatis-Plus 'xxById' Method.
2023-11-27 19:59:28.302 [main] WARN  com.baomidou.mybatisplus.core.injector.DefaultSqlInjector - class com.geovis.cyyj.po.DistrictListPersonPO ,Not found @TableId annotation, Cannot use Mybatis-Plus 'xxById' Method.
2023-11-27 19:59:28.362 [main] WARN  com.baomidou.mybatisplus.core.injector.DefaultSqlInjector - class com.geovis.cyyj.po.DistrictListPO ,Not found @TableId annotation, Cannot use Mybatis-Plus 'xxById' Method.
2023-11-27 20:12:48.882 [main] WARN  com.baomidou.mybatisplus.core.injector.DefaultSqlInjector - class com.geovis.cyyj.po.DistrictListPersonPO ,Not found @TableId annotation, Cannot use Mybatis-Plus 'xxById' Method.
2023-11-27 20:12:48.938 [main] WARN  com.baomidou.mybatisplus.core.injector.DefaultSqlInjector - class com.geovis.cyyj.po.DistrictListPO ,Not found @TableId annotation, Cannot use Mybatis-Plus 'xxById' Method.
2023-11-27 20:36:21.130 [main] WARN  com.baomidou.mybatisplus.core.injector.DefaultSqlInjector - class com.geovis.cyyj.po.DistrictListPersonPO ,Not found @TableId annotation, Cannot use Mybatis-Plus 'xxById' Method.
2023-11-27 20:36:21.187 [main] WARN  com.baomidou.mybatisplus.core.injector.DefaultSqlInjector - class com.geovis.cyyj.po.DistrictListPO ,Not found @TableId annotation, Cannot use Mybatis-Plus 'xxById' Method.
2023-11-27 20:39:38.773 [main] WARN  com.baomidou.mybatisplus.core.injector.DefaultSqlInjector - class com.geovis.cyyj.po.DistrictListPersonPO ,Not found @TableId annotation, Cannot use Mybatis-Plus 'xxById' Method.
2023-11-27 20:39:38.834 [main] WARN  com.baomidou.mybatisplus.core.injector.DefaultSqlInjector - class com.geovis.cyyj.po.DistrictListPO ,Not found @TableId annotation, Cannot use Mybatis-Plus 'xxById' Method.
2023-11-27 20:44:34.219 [main] WARN  com.baomidou.mybatisplus.core.injector.DefaultSqlInjector - class com.geovis.cyyj.po.DistrictListPersonPO ,Not found @TableId annotation, Cannot use Mybatis-Plus 'xxById' Method.
2023-11-27 20:44:34.278 [main] WARN  com.baomidou.mybatisplus.core.injector.DefaultSqlInjector - class com.geovis.cyyj.po.DistrictListPO ,Not found @TableId annotation, Cannot use Mybatis-Plus 'xxById' Method.
2023-11-27 20:47:42.131 [main] WARN  com.baomidou.mybatisplus.core.injector.DefaultSqlInjector - class com.geovis.cyyj.po.DistrictListPersonPO ,Not found @TableId annotation, Cannot use Mybatis-Plus 'xxById' Method.
2023-11-27 20:47:42.193 [main] WARN  com.baomidou.mybatisplus.core.injector.DefaultSqlInjector - class com.geovis.cyyj.po.DistrictListPO ,Not found @TableId annotation, Cannot use Mybatis-Plus 'xxById' Method.
2023-11-27 20:50:34.268 [main] WARN  com.baomidou.mybatisplus.core.injector.DefaultSqlInjector - class com.geovis.cyyj.po.DistrictListPersonPO ,Not found @TableId annotation, Cannot use Mybatis-Plus 'xxById' Method.
2023-11-27 20:50:34.328 [main] WARN  com.baomidou.mybatisplus.core.injector.DefaultSqlInjector - class com.geovis.cyyj.po.DistrictListPO ,Not found @TableId annotation, Cannot use Mybatis-Plus 'xxById' Method.
2023-11-27 20:51:38.048 [main] WARN  com.baomidou.mybatisplus.core.injector.DefaultSqlInjector - class com.geovis.cyyj.po.DistrictListPersonPO ,Not found @TableId annotation, Cannot use Mybatis-Plus 'xxById' Method.
2023-11-27 20:51:38.105 [main] WARN  com.baomidou.mybatisplus.core.injector.DefaultSqlInjector - class com.geovis.cyyj.po.DistrictListPO ,Not found @TableId annotation, Cannot use Mybatis-Plus 'xxById' Method.
2023-11-27 21:08:38.690 [main] WARN  com.baomidou.mybatisplus.core.injector.DefaultSqlInjector - class com.geovis.cyyj.po.DistrictListPersonPO ,Not found @TableId annotation, Cannot use Mybatis-Plus 'xxById' Method.
2023-11-27 21:08:38.768 [main] WARN  com.baomidou.mybatisplus.core.injector.DefaultSqlInjector - class com.geovis.cyyj.po.DistrictListPO ,Not found @TableId annotation, Cannot use Mybatis-Plus 'xxById' Method.
